<?xml version="1.0" encoding="UTF-8"?>
<!-- Generated by org.testng.reporters.JUnitReportReporter -->
<testsuite skipped="0" hostname="W109NC46Y2" name="practice.Framework_Appium.EcommerceApp_tc3" tests="1" failures="0" timestamp="2020-07-19T23:54:25 IST" time="80.204" errors="0">
  <testcase name="totalValidation" time="80.204" classname="practice.Framework_Appium.EcommerceApp_tc3"/>
  <system-out/>
</testsuite> <!-- practice.Framework_Appium.EcommerceApp_tc3 -->
