<?xml version="1.0" encoding="UTF-8"?>
<!-- Generated by org.testng.reporters.JUnitReportReporter -->
<testsuite skipped="0" hostname="W109NC46Y2" name="practice.Framework_Appium.ApiDemoTest" tests="2" failures="0" timestamp="2020-07-20T11:17:59 IST" time="62.703" errors="0">
  <testcase name="apiDemo" time="30.646" classname="practice.Framework_Appium.ApiDemoTest"/>
  <testcase name="apiDemo" time="32.057" classname="practice.Framework_Appium.ApiDemoTest"/>
</testsuite> <!-- practice.Framework_Appium.ApiDemoTest -->
